#-----------------------------------------------------------
# Vivado v2018.3 (64-bit)
# SW Build 2405991 on Thu Dec  6 23:38:27 MST 2018
# IP Build 2404404 on Fri Dec  7 01:43:56 MST 2018
# Start of session at: Wed Jul 13 16:20:12 2022
# Process ID: 25684
# Current directory: E:/study/设计与实践/lab2/cpu
# Command line: vivado.exe -gui_launcher_event rodinguilauncherevent24384 E:\study\设计与实践\lab2\cpu\cpu.xpr
# Log file: E:/study/设计与实践/lab2/cpu/vivado.log
# Journal file: E:/study/设计与实践/lab2/cpu\vivado.jou
#-----------------------------------------------------------
start_gui
open_project E:/study/设计与实践/lab2/cpu/cpu.xpr
Scanning sources...
Finished scanning sources
WARNING: [filemgmt 56-3] IPUserFilesDir: Could not find the directory 'C:/Users/hao/Desktop/cpu/cpu.ip_user_files'.
INFO: [IP_Flow 19-234] Refreshing IP repositories
INFO: [IP_Flow 19-1704] No user IP repositories specified
INFO: [IP_Flow 19-2313] Loaded Vivado IP repository 'D:/vivado/Vivado/2018.3/data/ip'.
update_compile_order -fileset sources_1
exit
INFO: [Common 17-206] Exiting Vivado at Wed Jul 13 16:36:52 2022...
