#-----------------------------------------------------------
# Vivado v2018.3 (64-bit)
# SW Build 2405991 on Thu Dec  6 23:38:27 MST 2018
# IP Build 2404404 on Fri Dec  7 01:43:56 MST 2018
# Start of session at: Wed Jul 13 15:22:52 2022
# Process ID: 21588
# Current directory: E:/study/设计与实践/lab2/cpu
# Command line: vivado.exe -gui_launcher_event rodinguilauncherevent26220 E:\study\设计与实践\lab2\cpu\cpu.xpr
# Log file: E:/study/设计与实践/lab2/cpu/vivado.log
# Journal file: E:/study/设计与实践/lab2/cpu\vivado.jou
#-----------------------------------------------------------
start_gui
open_project E:/study/设计与实践/lab2/cpu/cpu.xpr
INFO: [Project 1-313] Project file moved from 'C:/Users/hao/Desktop/code/verilog/cpu' since last save.
Scanning sources...
Finished scanning sources
INFO: [filemgmt 56-1] IPUserFilesDir: Directory not found as 'E:/study/cpu/cpu.ip_user_files'; using path 'C:/Users/hao/Desktop/cpu/cpu.ip_user_files' instead.
INFO: [IP_Flow 19-234] Refreshing IP repositories
INFO: [IP_Flow 19-1704] No user IP repositories specified
INFO: [IP_Flow 19-2313] Loaded Vivado IP repository 'D:/vivado/Vivado/2018.3/data/ip'.
update_compile_order -fileset sources_1
exit
INFO: [Common 17-206] Exiting Vivado at Wed Jul 13 15:23:46 2022...
